TN:
SF:src/domain/checkout/entity/order.ts
FN:16,get id
FN:20,get customerId
FN:24,get items
FN:28,validate
FN:46,total
FN:50,changeCustomerId
FN:8,Order
FNF:7
FNH:7
FNDA:10,get id
FNDA:6,get customerId
FNDA:7,get items
FNDA:9,validate
FNDA:16,total
FNDA:1,changeCustomerId
FNDA:8,Order
DA:1,1
DA:2,1
DA:3,1
DA:4,1
DA:5,1
DA:6,1
DA:7,1
DA:8,1
DA:9,8
DA:10,8
DA:11,8
DA:12,8
DA:13,8
DA:14,8
DA:15,1
DA:16,1
DA:17,10
DA:18,10
DA:19,1
DA:20,1
DA:21,6
DA:22,6
DA:23,1
DA:24,1
DA:25,7
DA:26,7
DA:27,1
DA:28,1
DA:29,9
DA:30,0
DA:31,0
DA:32,9
DA:33,0
DA:34,0
DA:35,9
DA:36,0
DA:37,0
DA:38,9
DA:39,9
DA:40,0
DA:41,0
DA:42,9
DA:43,9
DA:44,9
DA:45,1
DA:46,1
DA:47,16
DA:48,16
DA:49,1
DA:50,1
DA:51,1
DA:52,1
DA:53,1
DA:54,1
LF:54
LH:46
BRDA:16,0,0,10
BRDA:20,1,0,6
BRDA:24,2,0,7
BRDA:28,3,0,9
BRDA:29,4,0,0
BRDA:32,5,0,0
BRDA:35,6,0,0
BRDA:39,7,0,0
BRDA:39,8,0,9
BRDA:46,9,0,16
BRDA:47,10,0,16
BRDA:50,11,0,1
BRDA:8,12,0,8
BRF:13
BRH:9
end_of_record
TN:
SF:src/domain/checkout/entity/order_item.ts
FN:24,get id
FN:28,get name
FN:32,get productId
FN:36,get quantity
FN:40,get price
FN:44,total
FN:48,orderItemTotal
FN:52,changePrice
FN:56,changeQuantity
FN:9,OrderItem
FNF:10
FNH:10
FNDA:8,get id
FNDA:8,get name
FNDA:6,get productId
FNDA:16,get quantity
FNDA:7,get price
FNDA:8,total
FNDA:16,orderItemTotal
FNDA:1,changePrice
FNDA:1,changeQuantity
FNDA:8,OrderItem
DA:1,1
DA:2,1
DA:3,1
DA:4,1
DA:5,1
DA:6,1
DA:7,1
DA:8,1
DA:9,1
DA:10,8
DA:11,8
DA:12,8
DA:13,8
DA:14,8
DA:15,8
DA:16,8
DA:17,8
DA:18,8
DA:19,8
DA:20,8
DA:21,8
DA:22,8
DA:23,1
DA:24,1
DA:25,8
DA:26,8
DA:27,1
DA:28,1
DA:29,8
DA:30,8
DA:31,1
DA:32,1
DA:33,6
DA:34,6
DA:35,1
DA:36,1
DA:37,16
DA:38,16
DA:39,1
DA:40,1
DA:41,7
DA:42,7
DA:43,1
DA:44,1
DA:45,8
DA:46,8
DA:47,1
DA:48,1
DA:49,16
DA:50,16
DA:51,1
DA:52,1
DA:53,1
DA:54,1
DA:55,1
DA:56,1
DA:57,1
DA:58,1
DA:59,1
LF:59
LH:59
BRDA:24,0,0,8
BRDA:28,1,0,8
BRDA:32,2,0,6
BRDA:36,3,0,16
BRDA:40,4,0,7
BRDA:44,5,0,8
BRDA:48,6,0,16
BRDA:52,7,0,1
BRDA:56,8,0,1
BRDA:9,9,0,8
BRF:10
BRH:10
end_of_record
TN:
SF:src/domain/customer/entity/customer.ts
FN:16,get id
FN:20,get name
FN:24,get rewardPoints
FN:28,validate
FN:37,changeName
FN:42,get Address
FN:46,changeAddress
FN:50,isActive
FN:54,activate
FN:61,deactivate
FN:65,addRewardPoints
FN:69,set Address
FN:10,Customer
FNF:13
FNH:8
FNDA:6,get id
FNDA:5,get name
FNDA:5,get rewardPoints
FNDA:5,validate
FNDA:0,changeName
FNDA:20,get Address
FNDA:5,changeAddress
FNDA:5,isActive
FNDA:0,activate
FNDA:0,deactivate
FNDA:0,addRewardPoints
FNDA:0,set Address
FNDA:5,Customer
DA:1,1
DA:2,1
DA:3,1
DA:4,1
DA:5,1
DA:6,1
DA:7,1
DA:8,1
DA:9,1
DA:10,1
DA:11,5
DA:12,5
DA:13,5
DA:14,5
DA:15,1
DA:16,1
DA:17,6
DA:18,6
DA:19,1
DA:20,1
DA:21,5
DA:22,5
DA:23,1
DA:24,1
DA:25,5
DA:26,5
DA:27,1
DA:28,1
DA:29,5
DA:30,0
DA:31,0
DA:32,5
DA:33,0
DA:34,0
DA:35,5
DA:36,1
DA:37,1
DA:38,0
DA:39,0
DA:40,0
DA:41,1
DA:42,1
DA:43,20
DA:44,20
DA:45,1
DA:46,1
DA:47,5
DA:48,5
DA:49,1
DA:50,1
DA:51,5
DA:52,5
DA:53,1
DA:54,1
DA:55,0
DA:56,0
DA:57,0
DA:58,0
DA:59,0
DA:60,1
DA:61,1
DA:62,0
DA:63,0
DA:64,1
DA:65,1
DA:66,0
DA:67,0
DA:68,1
DA:69,1
DA:70,0
DA:71,0
DA:72,1
LF:72
LH:54
BRDA:16,0,0,6
BRDA:20,1,0,5
BRDA:24,2,0,5
BRDA:28,3,0,5
BRDA:29,4,0,0
BRDA:32,5,0,0
BRDA:42,6,0,20
BRDA:46,7,0,5
BRDA:50,8,0,5
BRDA:10,9,0,5
BRF:10
BRH:8
end_of_record
TN:
SF:src/domain/customer/value-object/address.ts
FN:16,get street
FN:20,get number
FN:24,get zip
FN:28,get city
FN:32,validate
FN:47,toString
FN:7,Address
FNF:7
FNH:6
FNDA:5,get street
FNDA:5,get number
FNDA:5,get zip
FNDA:5,get city
FNDA:5,validate
FNDA:0,toString
FNDA:5,Address
DA:1,1
DA:2,1
DA:3,1
DA:4,1
DA:5,1
DA:6,1
DA:7,1
DA:8,5
DA:9,5
DA:10,5
DA:11,5
DA:12,5
DA:13,5
DA:14,5
DA:15,1
DA:16,1
DA:17,5
DA:18,5
DA:19,1
DA:20,1
DA:21,5
DA:22,5
DA:23,1
DA:24,1
DA:25,5
DA:26,5
DA:27,1
DA:28,1
DA:29,5
DA:30,5
DA:31,1
DA:32,1
DA:33,5
DA:34,0
DA:35,0
DA:36,5
DA:37,0
DA:38,0
DA:39,5
DA:40,0
DA:41,0
DA:42,5
DA:43,0
DA:44,0
DA:45,5
DA:46,1
DA:47,1
DA:48,0
DA:49,0
DA:50,1
LF:50
LH:40
BRDA:16,0,0,5
BRDA:20,1,0,5
BRDA:24,2,0,5
BRDA:28,3,0,5
BRDA:32,4,0,5
BRDA:33,5,0,0
BRDA:36,6,0,0
BRDA:39,7,0,0
BRDA:42,8,0,0
BRDA:7,9,0,5
BRF:10
BRH:6
end_of_record
TN:
SF:src/domain/product/entity/product.ts
FN:15,get id
FN:19,get name
FN:23,get price
FN:27,changeName
FN:32,changePrice
FN:37,validate
FN:8,Product
FNF:7
FNH:5
FNDA:9,get id
FNDA:9,get name
FNDA:9,get price
FNDA:0,changeName
FNDA:0,changePrice
FNDA:4,validate
FNDA:4,Product
DA:1,1
DA:2,1
DA:3,1
DA:4,1
DA:5,1
DA:6,1
DA:7,1
DA:8,1
DA:9,4
DA:10,4
DA:11,4
DA:12,4
DA:13,4
DA:14,1
DA:15,1
DA:16,9
DA:17,9
DA:18,1
DA:19,1
DA:20,9
DA:21,9
DA:22,1
DA:23,1
DA:24,9
DA:25,9
DA:26,1
DA:27,1
DA:28,0
DA:29,0
DA:30,0
DA:31,1
DA:32,1
DA:33,0
DA:34,0
DA:35,0
DA:36,1
DA:37,1
DA:38,4
DA:39,0
DA:40,0
DA:41,4
DA:42,0
DA:43,0
DA:44,4
DA:45,0
DA:46,0
DA:47,4
DA:48,4
DA:49,1
LF:49
LH:37
BRDA:15,0,0,9
BRDA:19,1,0,9
BRDA:23,2,0,9
BRDA:37,3,0,4
BRDA:38,4,0,0
BRDA:41,5,0,0
BRDA:44,6,0,0
BRDA:8,7,0,4
BRF:8
BRH:5
end_of_record
TN:
SF:src/infrastructure/customer/repository/sequelize/customer.model.ts
FNF:0
FNH:0
DA:1,1
DA:2,1
DA:3,1
DA:4,1
DA:5,1
DA:6,1
DA:7,1
DA:8,1
DA:9,1
DA:10,1
DA:11,1
DA:12,1
DA:13,1
DA:14,1
DA:15,1
DA:16,1
DA:17,1
DA:18,1
DA:19,1
DA:20,1
DA:21,1
DA:22,1
DA:23,1
DA:24,1
DA:25,1
DA:26,1
DA:27,1
DA:28,1
DA:29,1
DA:30,1
DA:31,1
DA:32,1
DA:33,1
DA:34,1
DA:35,1
DA:36,1
DA:37,1
LF:37
LH:37
BRF:0
BRH:0
end_of_record
TN:
SF:src/infrastructure/customer/repository/sequelize/customer.repository.ts
FN:7,create
FN:20,update
FN:39,find
FN:63,findAll
FNF:4
FNH:1
FNDA:5,create
FNDA:0,update
FNDA:0,find
FNDA:0,findAll
DA:1,1
DA:2,1
DA:3,1
DA:4,1
DA:5,1
DA:6,1
DA:7,1
DA:8,5
DA:9,5
DA:10,5
DA:11,5
DA:12,5
DA:13,5
DA:14,5
DA:15,5
DA:16,5
DA:17,5
DA:18,5
DA:19,1
DA:20,1
DA:21,0
DA:22,0
DA:23,0
DA:24,0
DA:25,0
DA:26,0
DA:27,0
DA:28,0
DA:29,0
DA:30,0
DA:31,0
DA:32,0
DA:33,0
DA:34,0
DA:35,0
DA:36,0
DA:37,0
DA:38,1
DA:39,1
DA:40,0
DA:41,0
DA:42,0
DA:43,0
DA:44,0
DA:45,0
DA:46,0
DA:47,0
DA:48,0
DA:49,0
DA:50,0
DA:51,0
DA:52,0
DA:53,0
DA:54,0
DA:55,0
DA:56,0
DA:57,0
DA:58,0
DA:59,0
DA:60,0
DA:61,0
DA:62,1
DA:63,1
DA:64,0
DA:65,0
DA:66,0
DA:67,0
DA:68,0
DA:69,0
DA:70,0
DA:71,0
DA:72,0
DA:73,0
DA:74,0
DA:75,0
DA:76,0
DA:77,0
DA:78,0
DA:79,0
DA:80,0
DA:81,0
DA:82,0
DA:83,0
DA:84,1
LF:84
LH:25
BRDA:7,0,0,5
BRF:1
BRH:1
end_of_record
TN:
SF:src/infrastructure/order/repository/sequilize/order-item.model.ts
FNF:0
FNH:0
DA:1,1
DA:2,1
DA:3,1
DA:4,1
DA:5,1
DA:6,1
DA:7,1
DA:8,1
DA:9,1
DA:10,1
DA:11,1
DA:12,1
DA:13,1
DA:14,1
DA:15,1
DA:16,1
DA:17,1
DA:18,1
DA:19,1
DA:20,1
DA:21,1
DA:22,1
DA:23,1
DA:24,1
DA:25,1
DA:26,1
DA:27,1
DA:28,1
DA:29,1
DA:30,1
DA:31,1
DA:32,1
DA:33,1
DA:34,1
DA:35,1
DA:36,1
DA:37,1
DA:38,1
DA:39,1
DA:40,1
DA:41,1
DA:42,1
DA:43,1
DA:44,1
LF:44
LH:44
BRDA:27,0,0,0
BRDA:34,1,0,0
BRDA:22,2,0,25
BRDA:26,3,0,10
BRDA:29,4,0,10
BRDA:33,5,0,10
BRF:6
BRH:4
end_of_record
TN:
SF:src/infrastructure/order/repository/sequilize/order.model.ts
FNF:0
FNH:0
DA:1,1
DA:2,1
DA:3,1
DA:4,1
DA:5,1
DA:6,1
DA:7,1
DA:8,1
DA:9,1
DA:10,1
DA:11,1
DA:12,1
DA:13,1
DA:14,1
DA:15,1
DA:16,1
DA:17,1
DA:18,1
DA:19,1
DA:20,1
DA:21,1
DA:22,1
DA:23,1
DA:24,1
DA:25,1
DA:26,1
DA:27,1
DA:28,1
DA:29,1
DA:30,1
DA:31,1
DA:32,1
DA:33,1
DA:34,1
LF:34
LH:34
BRDA:27,0,0,0
BRDA:22,1,0,5
BRDA:26,2,0,15
BRDA:29,3,0,15
BRF:4
BRH:3
end_of_record
TN:
SF:src/infrastructure/order/repository/sequilize/order.repository.ts
FN:7,create
FN:27,update
FN:50,find
FN:74,findAll
FNF:4
FNH:4
FNDA:5,create
FNDA:1,update
FNDA:2,find
FNDA:1,findAll
DA:1,1
DA:2,1
DA:3,1
DA:4,1
DA:5,1
DA:6,1
DA:7,1
DA:8,5
DA:9,5
DA:10,5
DA:11,5
DA:12,5
DA:13,5
DA:14,5
DA:15,5
DA:16,5
DA:17,5
DA:18,5
DA:19,5
DA:20,5
DA:21,5
DA:22,5
DA:23,5
DA:24,5
DA:25,5
DA:26,1
DA:27,1
DA:28,1
DA:29,1
DA:30,1
DA:31,1
DA:32,1
DA:33,1
DA:34,1
DA:35,1
DA:36,1
DA:37,1
DA:38,1
DA:39,1
DA:40,1
DA:41,1
DA:42,1
DA:43,1
DA:44,1
DA:45,1
DA:46,1
DA:47,1
DA:48,1
DA:49,1
DA:50,1
DA:51,2
DA:52,2
DA:53,2
DA:54,2
DA:55,2
DA:56,2
DA:57,2
DA:58,2
DA:59,1
DA:60,1
DA:61,1
DA:62,1
DA:63,1
DA:64,1
DA:65,1
DA:66,1
DA:67,1
DA:68,1
DA:69,1
DA:70,1
DA:71,1
DA:72,0
DA:73,1
DA:74,1
DA:75,1
DA:76,1
DA:77,1
DA:78,1
DA:79,1
DA:80,1
DA:81,2
DA:82,2
DA:83,2
DA:84,2
DA:85,2
DA:86,2
DA:87,2
DA:88,2
DA:89,2
DA:90,2
DA:91,2
DA:92,2
DA:93,2
DA:94,1
DA:95,0
DA:96,1
LF:96
LH:94
BRDA:7,0,0,5
BRDA:13,1,0,5
BRDA:27,2,0,1
BRDA:29,3,0,1
BRDA:34,4,0,1
BRDA:50,5,0,2
BRDA:58,6,0,1
BRDA:71,7,0,0
BRDA:63,8,0,1
BRDA:74,9,0,1
BRDA:94,10,0,0
BRDA:80,11,0,2
BRDA:82,12,0,2
BRF:13
BRH:11
end_of_record
TN:
SF:src/infrastructure/product/repository/sequelize/product.model.ts
FNF:0
FNH:0
DA:1,1
DA:2,1
DA:3,1
DA:4,1
DA:5,1
DA:6,1
DA:7,1
DA:8,1
DA:9,1
DA:10,1
DA:11,1
DA:12,1
DA:13,1
DA:14,1
DA:15,1
DA:16,1
DA:17,1
LF:17
LH:17
BRF:0
BRH:0
end_of_record
TN:
SF:src/infrastructure/product/repository/sequelize/product.repository.ts
FN:6,create
FN:14,update
FN:28,find
FN:33,findAll
FNF:4
FNH:1
FNDA:4,create
FNDA:0,update
FNDA:0,find
FNDA:0,findAll
DA:1,1
DA:2,1
DA:3,1
DA:4,1
DA:5,1
DA:6,1
DA:7,4
DA:8,4
DA:9,4
DA:10,4
DA:11,4
DA:12,4
DA:13,1
DA:14,1
DA:15,0
DA:16,0
DA:17,0
DA:18,0
DA:19,0
DA:20,0
DA:21,0
DA:22,0
DA:23,0
DA:24,0
DA:25,0
DA:26,0
DA:27,1
DA:28,1
DA:29,0
DA:30,0
DA:31,0
DA:32,1
DA:33,1
DA:34,0
DA:35,0
DA:36,0
DA:37,0
DA:38,0
DA:39,1
LF:39
LH:19
BRDA:6,0,0,4
BRF:1
BRH:1
end_of_record
