TN:
SF:src/domain/@shared/event/event-dispatcher.ts
FN:8,get getEventHandlers
FN:12,register
FN:19,unregister
FN:28,unregisterAll
FN:32,notify
FNF:5
FNH:3
FNDA:3,get getEventHandlers
FNDA:3,register
FNDA:0,unregister
FNDA:0,unregisterAll
FNDA:2,notify
DA:1,1
DA:2,1
DA:3,1
DA:4,1
DA:5,1
DA:6,1
DA:7,1
DA:8,1
DA:9,3
DA:10,3
DA:11,1
DA:12,1
DA:13,3
DA:14,2
DA:15,2
DA:16,3
DA:17,3
DA:18,1
DA:19,1
DA:20,0
DA:21,0
DA:22,0
DA:23,0
DA:24,0
DA:25,0
DA:26,0
DA:27,1
DA:28,1
DA:29,0
DA:30,0
DA:31,1
DA:32,1
DA:33,2
DA:34,2
DA:35,2
DA:36,3
DA:37,3
DA:38,2
DA:39,2
DA:40,1
LF:40
LH:31
BRDA:8,0,0,3
BRDA:12,1,0,3
BRDA:13,2,0,2
BRDA:32,3,0,2
BRDA:35,4,0,3
BRF:5
BRH:5
end_of_record
TN:
SF:src/domain/customer/entity/customer.ts
FN:16,get id
FN:20,get name
FN:24,get rewardPoints
FN:28,validate
FN:37,changeName
FN:42,get Address
FN:46,changeAddress
FN:50,isActive
FN:54,activate
FN:61,deactivate
FN:65,addRewardPoints
FN:69,set Address
FN:10,Customer
FNF:13
FNH:8
FNDA:1,get id
FNDA:1,get name
FNDA:0,get rewardPoints
FNDA:1,validate
FNDA:0,changeName
FNDA:1,get Address
FNDA:1,changeAddress
FNDA:0,isActive
FNDA:1,activate
FNDA:0,deactivate
FNDA:0,addRewardPoints
FNDA:1,set Address
FNDA:1,Customer
DA:1,1
DA:2,1
DA:3,1
DA:4,1
DA:5,1
DA:6,1
DA:7,1
DA:8,1
DA:9,1
DA:10,1
DA:11,1
DA:12,1
DA:13,1
DA:14,1
DA:15,1
DA:16,1
DA:17,1
DA:18,1
DA:19,1
DA:20,1
DA:21,1
DA:22,1
DA:23,1
DA:24,1
DA:25,0
DA:26,0
DA:27,1
DA:28,1
DA:29,1
DA:30,0
DA:31,0
DA:32,1
DA:33,0
DA:34,0
DA:35,1
DA:36,1
DA:37,1
DA:38,0
DA:39,0
DA:40,0
DA:41,1
DA:42,1
DA:43,1
DA:44,1
DA:45,1
DA:46,1
DA:47,1
DA:48,1
DA:49,1
DA:50,1
DA:51,0
DA:52,0
DA:53,1
DA:54,1
DA:55,1
DA:56,0
DA:57,0
DA:58,1
DA:59,1
DA:60,1
DA:61,1
DA:62,0
DA:63,0
DA:64,1
DA:65,1
DA:66,0
DA:67,0
DA:68,1
DA:69,1
DA:70,1
DA:71,1
DA:72,1
LF:72
LH:55
BRDA:16,0,0,1
BRDA:20,1,0,1
BRDA:28,2,0,1
BRDA:29,3,0,0
BRDA:32,4,0,0
BRDA:42,5,0,1
BRDA:46,6,0,1
BRDA:54,7,0,1
BRDA:55,8,0,0
BRDA:69,9,0,1
BRDA:10,10,0,1
BRF:11
BRH:8
end_of_record
TN:
SF:src/domain/customer/event/customer-change-adress.events.ts
FN:7,CostumerChangeAdressEvent
FNF:1
FNH:1
FNDA:1,CostumerChangeAdressEvent
DA:1,1
DA:2,1
DA:3,1
DA:4,1
DA:5,1
DA:6,1
DA:7,1
DA:8,1
DA:9,1
DA:10,1
DA:11,1
LF:11
LH:11
BRDA:7,0,0,1
BRF:1
BRH:1
end_of_record
TN:
SF:src/domain/customer/event/customer-created.event.ts
FN:7,CostumerCreatedEvent
FNF:1
FNH:1
FNDA:1,CostumerCreatedEvent
DA:1,1
DA:2,1
DA:3,1
DA:4,1
DA:5,1
DA:6,1
DA:7,1
DA:8,1
DA:9,1
DA:10,1
DA:11,1
LF:11
LH:11
BRDA:7,0,0,1
BRF:1
BRH:1
end_of_record
TN:
SF:src/domain/customer/event/handler/generate-first-log-when-customer-created.ts
FN:6,handle
FNF:1
FNH:1
FNDA:1,handle
DA:1,1
DA:2,1
DA:3,1
DA:4,1
DA:5,1
DA:6,1
DA:7,1
DA:8,1
DA:9,1
LF:9
LH:9
BRDA:6,0,0,1
BRF:1
BRH:1
end_of_record
TN:
SF:src/domain/customer/event/handler/generate-log-when-adress-changed-created.ts
FN:7,handle
FNF:1
FNH:1
FNDA:1,handle
DA:1,1
DA:2,1
DA:3,1
DA:4,1
DA:5,1
DA:6,1
DA:7,1
DA:8,1
DA:9,1
DA:10,1
DA:11,1
DA:12,1
DA:13,1
DA:14,1
DA:15,1
LF:15
LH:15
BRDA:7,0,0,1
BRF:1
BRH:1
end_of_record
TN:
SF:src/domain/customer/event/handler/generate-second-log-when-customer-created.ts
FN:6,handle
FNF:1
FNH:1
FNDA:1,handle
DA:1,1
DA:2,1
DA:3,1
DA:4,1
DA:5,1
DA:6,1
DA:7,1
DA:8,1
DA:9,1
LF:9
LH:9
BRDA:6,0,0,1
BRF:1
BRH:1
end_of_record
TN:
SF:src/domain/customer/value-object/address.ts
FN:16,get street
FN:20,get number
FN:24,get zip
FN:28,get city
FN:32,validate
FN:47,toString
FN:7,Address
FNF:7
FNH:3
FNDA:0,get street
FNDA:0,get number
FNDA:0,get zip
FNDA:0,get city
FNDA:2,validate
FNDA:5,toString
FNDA:2,Address
DA:1,1
DA:2,1
DA:3,1
DA:4,1
DA:5,1
DA:6,1
DA:7,1
DA:8,2
DA:9,2
DA:10,2
DA:11,2
DA:12,2
DA:13,2
DA:14,2
DA:15,1
DA:16,1
DA:17,0
DA:18,0
DA:19,1
DA:20,1
DA:21,0
DA:22,0
DA:23,1
DA:24,1
DA:25,0
DA:26,0
DA:27,1
DA:28,1
DA:29,0
DA:30,0
DA:31,1
DA:32,1
DA:33,2
DA:34,0
DA:35,0
DA:36,2
DA:37,0
DA:38,0
DA:39,2
DA:40,0
DA:41,0
DA:42,2
DA:43,0
DA:44,0
DA:45,2
DA:46,1
DA:47,1
DA:48,5
DA:49,5
DA:50,1
LF:50
LH:34
BRDA:32,0,0,2
BRDA:33,1,0,0
BRDA:36,2,0,0
BRDA:39,3,0,0
BRDA:42,4,0,0
BRDA:47,5,0,5
BRDA:7,6,0,2
BRF:7
BRH:3
end_of_record
